npm WARN config global `--global`, `--local` are deprecated. Use `--location=global` instead.

> taskbox@0.2.0 build-storybook
> ng run taskbox:build-storybook "--output-dir" "C:\\Users\\User\\AppData\\Local\\Temp\\chromatic--13836-fpVKMsVCgnG7"

info => Cleaning outputDir: C:\\Users\\User\\AppData\\Local\\Temp\\chromatic--13836-fpVKMsVCgnG7

                                                                        
                                                                        
                                                                        
                                                                                 
                                                                           
                                                                           
                                                                           
                                                                                 
                                              
                                              
                                              

1.1.19

TypeScript version used by Compodoc : 4.5.5

TypeScript version of current project : 4.9.4

Node.js version : v16.16.0

Operating system : Windows 10

[14:26:00] No configuration file found, switching to CLI flags.
[14:26:00] Using tsconfig file : F:\github\taskbox\.storybook\tsconfig.json
[14:26:00] Excluding      : F:\github\taskbox\jest-global-mocks.ts
[14:26:00] Excluding      : F:\github\taskbox\setup-jest.ts
[14:26:00] Including      : F:\github\taskbox\.storybook\preview.ts
[14:26:00] Excluding      : F:\github\taskbox\.storybook\main.ts
[14:26:00] Ignoring       : F:\github\taskbox\.storybook\typings.d.ts
[14:26:00] Including      : F:\github\taskbox\src\polyfills.ts
[14:26:00] Including      : F:\github\taskbox\src\main.ts
[14:26:00] Including      : F:\github\taskbox\src\app\app.component.ts
[14:26:00] Ignoring       : F:\github\taskbox\src\app\app.component.spec.ts
[14:26:00] Including      : F:\github\taskbox\src\app\app.module.ts
[14:26:00] Including      : F:\github\taskbox\src\environments\environment.prod.ts
[14:26:00] Including      : F:\github\taskbox\src\environments\environment.ts
[14:26:00] Including      : F:\github\taskbox\src\stories\button.component.ts
[14:26:00] Including      : F:\github\taskbox\src\stories\Button.stories.ts
[14:26:00] Including      : F:\github\taskbox\src\stories\header.component.ts
[14:26:00] Including      : F:\github\taskbox\src\stories\Header.stories.ts
[14:26:00] Including      : F:\github\taskbox\src\stories\page.component.ts
[14:26:00] Including      : F:\github\taskbox\src\stories\User.ts
[14:26:00] Including      : F:\github\taskbox\src\stories\Page.stories.ts
[14:26:00] Including      : F:\github\taskbox\src\app\state\task.state.ts
[14:26:00] Including      : F:\github\taskbox\src\app\models\task.model.ts
[14:26:00] Including      : F:\github\taskbox\src\app\components\inbox-screen\inbox-screen.component.ts
[14:26:00] Including      : F:\github\taskbox\src\app\components\inbox-screen\pure-inbox-screen.component.ts
[14:26:00] Including      : F:\github\taskbox\src\app\components\inbox-screen\pure-inbox-screen.stories.ts
[14:26:00] Including      : F:\github\taskbox\src\app\components\task\task.component.ts
[14:26:00] Including      : F:\github\taskbox\src\app\components\task\task.module.ts
[14:26:00] Including      : F:\github\taskbox\src\app\components\task\task.stories.ts
[14:26:00] Including      : F:\github\taskbox\src\app\components\task-list\pure-task-list.component.ts
[14:26:00] Including      : F:\github\taskbox\src\app\components\task-list\pure-task-list.stories.ts
[14:26:00] Including      : F:\github\taskbox\src\app\components\task-list\task-list.component.ts
[14:26:00] Searching package.json file
[14:26:00] package.json file found
[14:26:00] Processing package.json dependencies
[14:26:00] Searching README.md, CHANGELOG.md, CONTRIBUTING.md, LICENSE.md, TODO.md files
[14:26:00] README.md file found
[14:26:00] Error during F:\github\taskbox\CHANGELOG read
[14:26:00] Continuing without CHANGELOG.md file
[14:26:00] Error during F:\github\taskbox\CONTRIBUTING read
[14:26:00] Continuing without CONTRIBUTING.md file
[14:26:00] LICENSE.md file found
[14:26:00] Error during F:\github\taskbox\TODO read
[14:26:00] Continuing without TODO.md file
[14:26:00] Get dependencies data
[14:26:00] parsing        : F:/github/taskbox/.storybook/preview.ts
[14:26:00] found          : preview
[14:26:00] parsing        : F:/github/taskbox/src/polyfills.ts
[14:26:00] parsing        : F:/github/taskbox/src/main.ts
[14:26:00] parsing        : F:/github/taskbox/src/app/app.component.ts
[14:26:00] found          : AppComponent
[14:26:00] parsing        : F:/github/taskbox/src/app/app.module.ts
[14:26:00] found          : AppModule
[14:26:00]                : - imports:
[14:26:00]                : 	- BrowserModule
[14:26:00]                : 	- TaskModule
[14:26:00]                : 	- NgxsModule
[14:26:00]                : 	- NgxsReduxDevtoolsPluginModule
[14:26:00]                : 	- NgxsLoggerPluginModule
[14:26:00]                : - declarations:
[14:26:00]                : 	- AppComponent
[14:26:00]                : 	- InboxScreenComponent
[14:26:00]                : 	- PureInboxScreenComponent
[14:26:00]                : - bootstrap:
[14:26:00]                : 	- AppComponent
[14:26:00] parsing        : F:/github/taskbox/src/environments/environment.prod.ts
[14:26:00] found          : environment
[14:26:00] parsing        : F:/github/taskbox/src/environments/environment.ts
[14:26:00] found          : environment
[14:26:00] parsing        : F:/github/taskbox/src/stories/button.component.ts
[14:26:00] found          : ButtonComponent
[14:26:00] parsing        : F:/github/taskbox/src/stories/Button.stories.ts
[14:26:00] found          : meta
[14:26:00] found          : Story
[14:26:00] found          : Primary
[14:26:00] found          : Secondary
[14:26:00] found          : Large
[14:26:00] found          : Small
[14:26:00] parsing        : F:/github/taskbox/src/stories/header.component.ts
[14:26:00] found          : HeaderComponent
[14:26:00] parsing        : F:/github/taskbox/src/stories/Header.stories.ts
[14:26:00] found          : meta
[14:26:00] found          : Story
[14:26:00] found          : LoggedIn
[14:26:00] found          : LoggedOut
[14:26:00] parsing        : F:/github/taskbox/src/stories/page.component.ts
[14:26:00] found          : PageComponent
[14:26:00] parsing        : F:/github/taskbox/src/stories/User.ts
[14:26:00] found          : User
[14:26:00] parsing        : F:/github/taskbox/src/stories/Page.stories.ts
[14:26:00] found          : meta
[14:26:00] found          : Story
[14:26:00] found          : LoggedOut
[14:26:00] found          : LoggedIn
[14:26:00] parsing        : F:/github/taskbox/src/app/state/task.state.ts
[14:26:00] found          : actions
[14:26:00] found          : ArchiveTask
[14:26:00] found          : PinTask
[14:26:00] found          : AppError
[14:26:00] found          : defaultTasks
[14:26:00] found          : TaskStateModel
[14:26:00] found          : TasksState
[14:26:00] parsing        : F:/github/taskbox/src/app/models/task.model.ts
[14:26:00] found          : Task
[14:26:00] parsing        : F:/github/taskbox/src/app/components/inbox-screen/inbox-screen.component.ts
[14:26:00] found          : InboxScreenComponent
[14:26:00] parsing        : F:/github/taskbox/src/app/components/inbox-screen/pure-inbox-screen.component.ts
[14:26:00] found          : PureInboxScreenComponent
[14:26:00] parsing        : F:/github/taskbox/src/app/components/inbox-screen/pure-inbox-screen.stories.ts
[14:26:00] found          : meta
[14:26:00] found          : Story
[14:26:00] found          : Default
[14:26:00] found          : Error
[14:26:00] parsing        : F:/github/taskbox/src/app/components/task/task.component.ts
[14:26:00] found          : TaskComponent
[14:26:00] parsing        : F:/github/taskbox/src/app/components/task/task.module.ts
[14:26:00] found          : TaskModule
[14:26:00]                : - imports:
[14:26:00]                : 	- CommonModule
[14:26:00]                : 	- NgxsModule
[14:26:00]                : - exports:
[14:26:00]                : 	- TaskComponent
[14:26:00]                : 	- TaskListComponent
[14:26:00]                : - declarations:
[14:26:00]                : 	- TaskComponent
[14:26:00]                : 	- TaskListComponent
[14:26:00]                : 	- PureTaskListComponent
[14:26:00] parsing        : F:/github/taskbox/src/app/components/task/task.stories.ts
[14:26:00] found          : actionsData
[14:26:00] found          : meta
[14:26:00] found          : Story
[14:26:00] found          : Default
[14:26:00] found          : Pinned
[14:26:00] found          : Archived
[14:26:00] parsing        : F:/github/taskbox/src/app/components/task-list/pure-task-list.component.ts
[14:26:00] found          : PureTaskListComponent
[14:26:00] parsing        : F:/github/taskbox/src/app/components/task-list/pure-task-list.stories.ts
[14:26:00] found          : meta
[14:26:00] found          : Story
[14:26:00] found          : Default
[14:26:00] found          : WithPinnedTasks
[14:26:00] found          : Loading
[14:26:00] found          : Empty
[14:26:00] parsing        : F:/github/taskbox/src/app/components/task-list/task-list.component.ts
[14:26:00] found          : TaskListComponent
[14:26:00] -------------------
[14:26:00] Project statistics 
[14:26:00] - files      : 26
[14:26:00] - module     : 2
[14:26:00] - component  : 9
[14:26:00] - injectable : 1
[14:26:00] - class      : 3
[14:26:00] - interface  : 3
[14:26:00] -------------------
[14:26:00] Prepare components
[14:26:00]  ButtonComponent has styleUrls, include them
[14:26:00]  HeaderComponent has styleUrls, include them
[14:26:00]  PageComponent has styleUrls, include them
[14:26:00] Prepare modules
[14:26:00] Prepare injectables
[14:26:00] Prepare classes
[14:26:00] Prepare interfaces
[14:26:00] Prepare miscellaneous
[14:26:00] Process documentation coverage report
[14:26:00] Generating documentation in export format json
[14:26:00] Documentation generated in ./ in 0.906 seconds

info => Loading presets
info => Building manager..
info => Manager built (405 ms)
info => Compiling preview..
info => Copying static files: F:\github\taskbox\node_modules\@storybook\manager\static at C:\Users\User\AppData\Local\Temp\chromatic--13836-fpVKMsVCgnG7\sb-common-assets
info Addon-docs: using MDX2
info => Using implicit CSS loaders
info => Using angular browser target options from "taskbox:build"
info => Using angular project with "tsConfig:F:\github\taskbox\.storybook\tsconfig.json"
info => Using default Webpack5 setup
<s> [webpack.Progress] 0% 

<s> [webpack.Progress] 1% setup before run
<s> [webpack.Progress] 1% setup before run NodeEnvironmentPlugin
<s> [webpack.Progress] 1% setup before run
<s> [webpack.Progress] 2% setup run
<s> [webpack.Progress] 2% setup run
<s> [webpack.Progress] 4% setup normal module factory
<s> [webpack.Progress] 4% setup normal module factory CaseSensitivePathsPlugin
<s> [webpack.Progress] 4% setup normal module factory
<s> [webpack.Progress] 5% setup context module factory
<s> [webpack.Progress] 5% setup context module factory
<s> [webpack.Progress] 6% setup before compile
<s> [webpack.Progress] 6% setup before compile angular-compiler
<s> [webpack.Progress] 6% setup before compile ProgressPlugin
<s> [webpack.Progress] 6% setup before compile
<s> [webpack.Progress] 7% setup compile
<s> [webpack.Progress] 7% setup compile ExternalsPlugin
<s> [webpack.Progress] 7% setup compile ExternalsPlugin
<s> [webpack.Progress] 7% setup compile
<s> [webpack.Progress] 8% setup compilation
<s> [webpack.Progress] 8% setup compilation angular-occurrences-plugin
<s> [webpack.Progress] 8% setup compilation angular-compiler
<s> [webpack.Progress] 8% setup compilation styles-webpack-plugin
<s> [webpack.Progress] 8% setup compilation mini-css-extract-plugin
<s> [webpack.Progress] 8% setup compilation unplugin-csf
<s> [webpack.Progress] 8% setup compilation storybook-normalize-angular-entry-plugin
<s> [webpack.Progress] 8% setup compilation ArrayPushCallbackChunkFormatPlugin
<s> [webpack.Progress] 8% setup compilation JsonpChunkLoadingPlugin
<s> [webpack.Progress] 8% setup compilation StartupChunkDependenciesPlugin
<s> [webpack.Progress] 8% setup compilation ImportScriptsChunkLoadingPlugin
<s> [webpack.Progress] 8% setup compilation FetchCompileWasmPlugin
<s> [webpack.Progress] 8% setup compilation FetchCompileAsyncWasmPlugin
<s> [webpack.Progress] 8% setup compilation WorkerPlugin
<s> [webpack.Progress] 8% setup compilation SplitChunksPlugin
<s> [webpack.Progress] 8% setup compilation RuntimeChunkPlugin
<s> [webpack.Progress] 8% setup compilation ResolverCachePlugin
<s> [webpack.Progress] 8% setup compilation HtmlWebpackPlugin
<s> [webpack.Progress] 8% setup compilation
<s> [webpack.Progress] 9% setup compilation
<s> [webpack.Progress] 9% setup compilation named-chunks-plugin
<s> [webpack.Progress] 9% setup compilation DedupeModuleResolvePlugin
<s> [webpack.Progress] 9% setup compilation AnyComponentStyleBudgetChecker
<s> [webpack.Progress] 9% setup compilation mini-css-extract-plugin
<s> [webpack.Progress] 9% setup compilation SuppressExtractedTextChunks
<s> [webpack.Progress] 9% setup compilation DefinePlugin
<s> [webpack.Progress] 9% setup compilation ProvidePlugin
<s> [webpack.Progress] 9% setup compilation ProgressPlugin
<s> [webpack.Progress] 9% setup compilation ChunkPrefetchPreloadPlugin
<s> [webpack.Progress] 9% setup compilation SourceMapDevToolPlugin
<s> [webpack.Progress] 9% setup compilation JavascriptModulesPlugin
<s> [webpack.Progress] 9% setup compilation JsonModulesPlugin
<s> [webpack.Progress] 9% setup compilation AssetModulesPlugin
<s> [webpack.Progress] 9% setup compilation DynamicEntryPlugin
<s> [webpack.Progress] 9% setup compilation RuntimePlugin
<s> [webpack.Progress] 9% setup compilation InferAsyncModulesPlugin
<s> [webpack.Progress] 9% setup compilation DataUriPlugin
<s> [webpack.Progress] 9% setup compilation FileUriPlugin
<s> [webpack.Progress] 9% setup compilation CompatibilityPlugin
<s> [webpack.Progress] 9% setup compilation HarmonyModulesPlugin
<s> [webpack.Progress] 9% setup compilation AMDPlugin
<s> [webpack.Progress] 9% setup compilation RequireJsStuffPlugin
<s> [webpack.Progress] 9% setup compilation CommonJsPlugin
<s> [webpack.Progress] 9% setup compilation LoaderPlugin
<s> [webpack.Progress] 9% setup compilation LoaderPlugin
<s> [webpack.Progress] 9% setup compilation NodeStuffPlugin
<s> [webpack.Progress] 9% setup compilation APIPlugin
<s> [webpack.Progress] 9% setup compilation ExportsInfoApiPlugin
<s> [webpack.Progress] 9% setup compilation WebpackIsIncludedPlugin
<s> [webpack.Progress] 9% setup compilation ConstPlugin
<s> [webpack.Progress] 9% setup compilation UseStrictPlugin
<s> [webpack.Progress] 9% setup compilation RequireIncludePlugin
<s> [webpack.Progress] 9% setup compilation RequireEnsurePlugin
<s> [webpack.Progress] 9% setup compilation RequireContextPlugin
<s> [webpack.Progress] 9% setup compilation ImportPlugin
<s> [webpack.Progress] 9% setup compilation RequireContextPlugin
<s> [webpack.Progress] 9% setup compilation SystemPlugin
<s> [webpack.Progress] 9% setup compilation ImportMetaPlugin
<s> [webpack.Progress] 9% setup compilation URLPlugin
<s> [webpack.Progress] 9% setup compilation DefaultStatsFactoryPlugin
<s> [webpack.Progress] 9% setup compilation DefaultStatsPresetPlugin
<s> [webpack.Progress] 9% setup compilation DefaultStatsPrinterPlugin
<s> [webpack.Progress] 9% setup compilation JavascriptMetaInfoPlugin
<s> [webpack.Progress] 9% setup compilation EnsureChunkConditionsPlugin
<s> [webpack.Progress] 9% setup compilation RemoveEmptyChunksPlugin
<s> [webpack.Progress] 9% setup compilation MergeDuplicateChunksPlugin
<s> [webpack.Progress] 9% setup compilation FlagIncludedChunksPlugin
<s> [webpack.Progress] 9% setup compilation SideEffectsFlagPlugin
<s> [webpack.Progress] 9% setup compilation FlagDependencyExportsPlugin
<s> [webpack.Progress] 9% setup compilation FlagDependencyUsagePlugin
<s> [webpack.Progress] 9% setup compilation InnerGraphPlugin
<s> [webpack.Progress] 9% setup compilation MangleExportsPlugin
<s> [webpack.Progress] 9% setup compilation ModuleConcatenationPlugin
<s> [webpack.Progress] 9% setup compilation NoEmitOnErrorsPlugin
<s> [webpack.Progress] 9% setup compilation RealContentHashPlugin
<s> [webpack.Progress] 9% setup compilation WasmFinalizeExportsPlugin
<s> [webpack.Progress] 9% setup compilation NamedModuleIdsPlugin
<s> [webpack.Progress] 9% setup compilation DeterministicChunkIdsPlugin
<s> [webpack.Progress] 9% setup compilation DefinePlugin
<s> [webpack.Progress] 9% setup compilation TerserPlugin
<s> [webpack.Progress] 9% setup compilation TemplatedPathPlugin
<s> [webpack.Progress] 9% setup compilation RecordIdsPlugin
<s> [webpack.Progress] 9% setup compilation WarnCaseSensitiveModulesPlugin
<s> [webpack.Progress] 9% setup compilation IgnoreWarningsPlugin
<s> [webpack.Progress] 9% setup compilation
<s> [webpack.Progress] 10% building
<s> [webpack.Progress] 10% building 0/1 entries 0/0 dependencies 0/0 modules
<s> [webpack.Progress] 10% building import loader ./node_modules/mini-css-extract-plugin/dist/loader.js
<s> [webpack.Progress] 10% building import loader ./node_modules/css-loader/dist/cjs.js
<s> [webpack.Progress] 10% building import loader ./node_modules/postcss-loader/dist/cjs.js
<s> [webpack.Progress] 10% building 0/3 entries 1/3 dependencies 0/1 modules
<s> [webpack.Progress] 10% building import loader ./node_modules/@angular-devkit/build-angular/src/babel/webpack-loader.js
<s> [webpack.Progress] 10% building import loader ./node_modules/babel-loader/lib/index.js
<s> [webpack.Progress] 10% building 0/3 entries 3/4 dependencies 0/3 modules
<s> [webpack.Progress] 20% building 1/3 entries 4/21 dependencies 1/4 modules
<s> [webpack.Progress] 28% building import loader ./node_modules/@ngtools/webpack/src/ivy/index.js
<s> [webpack.Progress] 28% building 1/3 entries 23/25 dependencies 4/23 modules
<s> [webpack.Progress] 46% building 2/3 entries 44/62 dependencies 10/37 modules
<s> [webpack.Progress] 46% building import loader ./node_modules/unplugin/dist/webpack/loaders/load.js
<s> [webpack.Progress] 46% building 2/3 entries 65/83 dependencies 18/44 modules
<s> [webpack.Progress] 46% building 2/3 entries 161/200 dependencies 48/84 modules
<s> [webpack.Progress] 46% building 2/3 entries 208/219 dependencies 49/100 modules
<s> [webpack.Progress] 46% building 2/3 entries 535/600 dependencies 65/296 modules
<s> [webpack.Progress] 46% building 2/3 entries 1300/1389 dependencies 98/502 modules
<s> [webpack.Progress] 46% building 2/3 entries 1800/1962 dependencies 132/557 modules
<s> [webpack.Progress] 46% building 2/3 entries 2202/2221 dependencies 400/661 modules
<s> [webpack.Progress] 46% building 2/3 entries 2460/2500 dependencies 580/732 modules
<s> [webpack.Progress] 65% building 3/3 entries 2847/2847 dependencies 841/841 modules
<s> [webpack.Progress] 65% building
<s> [webpack.Progress] 69% building finish
<s> [webpack.Progress] 69% building finish
<s> [webpack.Progress] 70% sealing finish module graph
<s> [webpack.Progress] 70% sealing finish module graph angular-compiler
<s> [webpack.Progress] 70% sealing finish module graph ResolverCachePlugin
<s> [webpack.Progress] 70% sealing finish module graph InferAsyncModulesPlugin
<s> [webpack.Progress] 70% sealing finish module graph FlagDependencyExportsPlugin
<s> [webpack.Progress] 70% sealing finish module graph InnerGraphPlugin
<s> [webpack.Progress] 70% sealing finish module graph WasmFinalizeExportsPlugin
<s> [webpack.Progress] 70% sealing finish module graph
<s> [webpack.Progress] 70% sealing plugins
<s> [webpack.Progress] 70% sealing plugins WarnCaseSensitiveModulesPlugin
<s> [webpack.Progress] 70% sealing plugins
<s> [webpack.Progress] 71% sealing dependencies optimization
<s> [webpack.Progress] 71% sealing dependencies optimization SideEffectsFlagPlugin
<s> [webpack.Progress] 71% sealing dependencies optimization FlagDependencyUsagePlugin
<s> [webpack.Progress] 71% sealing dependencies optimization
<s> [webpack.Progress] 71% sealing after dependencies optimization
<s> [webpack.Progress] 71% sealing after dependencies optimization
<s> [webpack.Progress] 72% sealing chunk graph
<s> [webpack.Progress] 72% sealing chunk graph
<s> [webpack.Progress] 73% sealing after chunk graph
<s> [webpack.Progress] 73% sealing after chunk graph
<s> [webpack.Progress] 73% sealing optimizing
<s> [webpack.Progress] 73% sealing optimizing
<s> [webpack.Progress] 74% sealing module optimization
<s> [webpack.Progress] 74% sealing module optimization
<s> [webpack.Progress] 75% sealing after module optimization
<s> [webpack.Progress] 75% sealing after module optimization
<s> [webpack.Progress] 75% sealing chunk optimization
<s> [webpack.Progress] 75% sealing chunk optimization EnsureChunkConditionsPlugin
<s> [webpack.Progress] 75% sealing chunk optimization RemoveEmptyChunksPlugin
<s> [webpack.Progress] 75% sealing chunk optimization MergeDuplicateChunksPlugin
<s> [webpack.Progress] 75% sealing chunk optimization SplitChunksPlugin
<s> [webpack.Progress] 75% sealing chunk optimization RemoveEmptyChunksPlugin
<s> [webpack.Progress] 75% sealing chunk optimization
<s> [webpack.Progress] 76% sealing after chunk optimization
<s> [webpack.Progress] 76% sealing after chunk optimization
<s> [webpack.Progress] 77% sealing module and chunk tree optimization
<s> [webpack.Progress] 77% sealing module and chunk tree optimization PersistentChildCompilerSingletonPlugin
<s> [webpack.Progress] 77% sealing module and chunk tree optimization
<s> [webpack.Progress] 77% sealing after module and chunk tree optimization
<s> [webpack.Progress] 77% sealing after module and chunk tree optimization
<s> [webpack.Progress] 78% sealing chunk modules optimization
<s> [webpack.Progress] 78% sealing chunk modules optimization ModuleConcatenationPlugin
<s> [webpack.Progress] 78% sealing chunk modules optimization
<s> [webpack.Progress] 78% sealing after chunk modules optimization
<s> [webpack.Progress] 78% sealing after chunk modules optimization
<s> [webpack.Progress] 79% sealing module reviving
<s> [webpack.Progress] 79% sealing module reviving RecordIdsPlugin
<s> [webpack.Progress] 79% sealing module reviving
<s> [webpack.Progress] 80% sealing before module ids
<s> [webpack.Progress] 80% sealing before module ids
<s> [webpack.Progress] 80% sealing module ids
<s> [webpack.Progress] 80% sealing module ids NamedModuleIdsPlugin
<s> [webpack.Progress] 80% sealing module ids
<s> [webpack.Progress] 81% sealing module id optimization
<s> [webpack.Progress] 81% sealing module id optimization
<s> [webpack.Progress] 82% sealing module id optimization
<s> [webpack.Progress] 82% sealing module id optimization
<s> [webpack.Progress] 82% sealing chunk reviving
<s> [webpack.Progress] 82% sealing chunk reviving RecordIdsPlugin
<s> [webpack.Progress] 82% sealing chunk reviving
<s> [webpack.Progress] 83% sealing before chunk ids
<s> [webpack.Progress] 83% sealing before chunk ids
<s> [webpack.Progress] 84% sealing chunk ids
<s> [webpack.Progress] 84% sealing chunk ids DeterministicChunkIdsPlugin
<s> [webpack.Progress] 84% sealing chunk ids
<s> [webpack.Progress] 84% sealing chunk id optimization
<s> [webpack.Progress] 84% sealing chunk id optimization FlagIncludedChunksPlugin
<s> [webpack.Progress] 84% sealing chunk id optimization
<s> [webpack.Progress] 85% sealing after chunk id optimization
<s> [webpack.Progress] 85% sealing after chunk id optimization
<s> [webpack.Progress] 86% sealing record modules
<s> [webpack.Progress] 86% sealing record modules RecordIdsPlugin
<s> [webpack.Progress] 86% sealing record modules
<s> [webpack.Progress] 86% sealing record chunks
<s> [webpack.Progress] 86% sealing record chunks RecordIdsPlugin
<s> [webpack.Progress] 86% sealing record chunks
<s> [webpack.Progress] 87% sealing module hashing
<s> [webpack.Progress] 87% sealing module hashing
<s> [webpack.Progress] 87% sealing code generation
<s> [webpack.Progress] 87% sealing code generation
<s> [webpack.Progress] 88% sealing runtime requirements
<s> [webpack.Progress] 88% sealing runtime requirements
<s> [webpack.Progress] 89% sealing hashing
<s> [webpack.Progress] 89% sealing hashing
<s> [webpack.Progress] 89% sealing after hashing
<s> [webpack.Progress] 89% sealing after hashing
<s> [webpack.Progress] 90% sealing record hash
<s> [webpack.Progress] 90% sealing record hash
<s> [webpack.Progress] 91% sealing module assets processing
<s> [webpack.Progress] 91% sealing module assets processing
<s> [webpack.Progress] 91% sealing chunk assets processing
<s> [webpack.Progress] 91% sealing chunk assets processing
<s> [webpack.Progress] 92% sealing asset processing
<s> [webpack.Progress] 92% sealing asset processing PersistentChildCompilerSingletonPlugin
<s> [webpack.Progress] 92% sealing asset processing TerserPlugin
<s> [webpack.Progress] 92% sealing asset processing SourceMapDevToolPlugin
<s> [webpack.Progress] 92% sealing asset processing SourceMapDevToolPlugin
<s> [webpack.Progress] 92% sealing asset processing SourceMapDevToolPlugin main.a901047727a30c2f4c2d.css generate SourceMap
<s> [webpack.Progress] 92% sealing asset processing SourceMapDevToolPlugin main.a901047727a30c2f4c2d.css generated SourceMap
<s> [webpack.Progress] 92% sealing asset processing SourceMapDevToolPlugin main.92dbcdb2.iframe.bundle.js generate SourceMap
<s> [webpack.Progress] 92% sealing asset processing SourceMapDevToolPlugin main.92dbcdb2.iframe.bundle.js generated SourceMap
<s> [webpack.Progress] 92% sealing asset processing SourceMapDevToolPlugin runtime~main.91c97532.iframe.bundle.js generate SourceMap
<s> [webpack.Progress] 92% sealing asset processing SourceMapDevToolPlugin runtime~main.91c97532.iframe.bundle.js generated SourceMap
<s> [webpack.Progress] 92% sealing asset processing SourceMapDevToolPlugin inbox-screen-pure-inbox-screen-stories.8ed4453a.iframe.bundle.js generate SourceMap
<s> [webpack.Progress] 92% sealing asset processing SourceMapDevToolPlugin inbox-screen-pure-inbox-screen-stories.8ed4453a.iframe.bundle.js generated SourceMap
<s> [webpack.Progress] 92% sealing asset processing SourceMapDevToolPlugin task-list-pure-task-list-stories.89f88c43.iframe.bundle.js generate SourceMap
<s> [webpack.Progress] 92% sealing asset processing SourceMapDevToolPlugin task-list-pure-task-list-stories.89f88c43.iframe.bundle.js generated SourceMap
<s> [webpack.Progress] 92% sealing asset processing SourceMapDevToolPlugin task-task-stories.59bf1320.iframe.bundle.js generate SourceMap
<s> [webpack.Progress] 92% sealing asset processing SourceMapDevToolPlugin task-task-stories.59bf1320.iframe.bundle.js generated SourceMap
<s> [webpack.Progress] 92% sealing asset processing SourceMapDevToolPlugin 562.05fb65cd.iframe.bundle.js generate SourceMap
<s> [webpack.Progress] 92% sealing asset processing SourceMapDevToolPlugin 562.05fb65cd.iframe.bundle.js generated SourceMap
<s> [webpack.Progress] 92% sealing asset processing SourceMapDevToolPlugin 69.111f6d78.iframe.bundle.js generate SourceMap
<s> [webpack.Progress] 92% sealing asset processing SourceMapDevToolPlugin 69.111f6d78.iframe.bundle.js generated SourceMap
<s> [webpack.Progress] 92% sealing asset processing SourceMapDevToolPlugin 415.044078f5.iframe.bundle.js generate SourceMap
<s> [webpack.Progress] 92% sealing asset processing SourceMapDevToolPlugin 415.044078f5.iframe.bundle.js generated SourceMap
<s> [webpack.Progress] 92% sealing asset processing SourceMapDevToolPlugin 882.81ae7b9b.iframe.bundle.js generate SourceMap
<s> [webpack.Progress] 92% sealing asset processing SourceMapDevToolPlugin 882.81ae7b9b.iframe.bundle.js generated SourceMap
<s> [webpack.Progress] 92% sealing asset processing SourceMapDevToolPlugin 384.6c878ba2.iframe.bundle.js generate SourceMap
<s> [webpack.Progress] 92% sealing asset processing SourceMapDevToolPlugin 384.6c878ba2.iframe.bundle.js generated SourceMap
<s> [webpack.Progress] 92% sealing asset processing SourceMapDevToolPlugin 123.015e637d.iframe.bundle.js generate SourceMap
<s> [webpack.Progress] 92% sealing asset processing SourceMapDevToolPlugin 123.015e637d.iframe.bundle.js generated SourceMap
<s> [webpack.Progress] 92% sealing asset processing SourceMapDevToolPlugin 909.da61a0b5.iframe.bundle.js generate SourceMap
<s> [webpack.Progress] 92% sealing asset processing SourceMapDevToolPlugin 909.da61a0b5.iframe.bundle.js generated SourceMap
<s> [webpack.Progress] 92% sealing asset processing SourceMapDevToolPlugin 583.20cb5033.iframe.bundle.js generate SourceMap
<s> [webpack.Progress] 92% sealing asset processing SourceMapDevToolPlugin 583.20cb5033.iframe.bundle.js generated SourceMap
<s> [webpack.Progress] 92% sealing asset processing SourceMapDevToolPlugin 256.a1573186.iframe.bundle.js generate SourceMap
<s> [webpack.Progress] 92% sealing asset processing SourceMapDevToolPlugin 256.a1573186.iframe.bundle.js generated SourceMap
<s> [webpack.Progress] 92% sealing asset processing SourceMapDevToolPlugin 450.3bde376b.iframe.bundle.js generate SourceMap
<s> [webpack.Progress] 92% sealing asset processing SourceMapDevToolPlugin 450.3bde376b.iframe.bundle.js generated SourceMap
<s> [webpack.Progress] 92% sealing asset processing SourceMapDevToolPlugin 333.88e05b3e.iframe.bundle.js generate SourceMap
<s> [webpack.Progress] 92% sealing asset processing SourceMapDevToolPlugin 333.88e05b3e.iframe.bundle.js generated SourceMap
<s> [webpack.Progress] 92% sealing asset processing SourceMapDevToolPlugin resolve sources
<s> [webpack.Progress] 92% sealing asset processing SourceMapDevToolPlugin 562.05fb65cd.iframe.bundle.js attach SourceMap
<s> [webpack.Progress] 92% sealing asset processing SourceMapDevToolPlugin 562.05fb65cd.iframe.bundle.js attached SourceMap
<s> [webpack.Progress] 92% sealing asset processing SourceMapDevToolPlugin 123.015e637d.iframe.bundle.js attach SourceMap
<s> [webpack.Progress] 92% sealing asset processing SourceMapDevToolPlugin 123.015e637d.iframe.bundle.js attached SourceMap
<s> [webpack.Progress] 92% sealing asset processing SourceMapDevToolPlugin 450.3bde376b.iframe.bundle.js attach SourceMap
<s> [webpack.Progress] 92% sealing asset processing SourceMapDevToolPlugin 450.3bde376b.iframe.bundle.js attached SourceMap
<s> [webpack.Progress] 92% sealing asset processing SourceMapDevToolPlugin
<s> [webpack.Progress] 92% sealing asset processing SourceMapDevToolPlugin
<s> [webpack.Progress] 92% sealing asset processing SourceMapDevToolPlugin resolve sources
<s> [webpack.Progress] 92% sealing asset processing SourceMapDevToolPlugin
<s> [webpack.Progress] 92% sealing asset processing HtmlWebpackPlugin
<s> [webpack.Progress] 92% sealing asset processing HtmlWebpackPlugin
<s> [webpack.Progress] 92% sealing asset processing HtmlWebpackPlugin resolve sources
<s> [webpack.Progress] 92% sealing asset processing HtmlWebpackPlugin
<s> [webpack.Progress] 92% sealing asset processing RealContentHashPlugin
<s> [webpack.Progress] 92% sealing asset processing RealContentHashPlugin
<s> [webpack.Progress] 92% sealing asset processing RealContentHashPlugin main.9639a3ed640e41ead484.css generate SourceMap
<s> [webpack.Progress] 92% sealing asset processing RealContentHashPlugin main.9639a3ed640e41ead484.css generated SourceMap
<s> [webpack.Progress] 92% sealing asset processing RealContentHashPlugin main.bf957238.iframe.bundle.js generate SourceMap
<s> [webpack.Progress] 92% sealing asset processing RealContentHashPlugin main.bf957238.iframe.bundle.js generated SourceMap
<s> [webpack.Progress] 92% sealing asset processing RealContentHashPlugin runtime~main.b574a190.iframe.bundle.js generate SourceMap
<s> [webpack.Progress] 92% sealing asset processing RealContentHashPlugin runtime~main.b574a190.iframe.bundle.js generated SourceMap
<s> [webpack.Progress] 92% sealing asset processing RealContentHashPlugin inbox-screen-pure-inbox-screen-stories.3420a3ab.iframe.bundle.js generate SourceMap
<s> [webpack.Progress] 92% sealing asset processing RealContentHashPlugin inbox-screen-pure-inbox-screen-stories.3420a3ab.iframe.bundle.js generated SourceMap
<s> [webpack.Progress] 92% sealing asset processing RealContentHashPlugin task-list-pure-task-list-stories.66873ff1.iframe.bundle.js generate SourceMap
<s> [webpack.Progress] 92% sealing asset processing RealContentHashPlugin task-list-pure-task-list-stories.66873ff1.iframe.bundle.js generated SourceMap
<s> [webpack.Progress] 92% sealing asset processing RealContentHashPlugin task-task-stories.e529d0c1.iframe.bundle.js generate SourceMap
<s> [webpack.Progress] 92% sealing asset processing RealContentHashPlugin task-task-stories.e529d0c1.iframe.bundle.js generated SourceMap
<s> [webpack.Progress] 92% sealing asset processing RealContentHashPlugin 415.722182c8.iframe.bundle.js generate SourceMap
<s> [webpack.Progress] 92% sealing asset processing RealContentHashPlugin 415.722182c8.iframe.bundle.js generated SourceMap
<s> [webpack.Progress] 92% sealing asset processing RealContentHashPlugin 882.5127467f.iframe.bundle.js generate SourceMap
<s> [webpack.Progress] 92% sealing asset processing RealContentHashPlugin 882.5127467f.iframe.bundle.js generated SourceMap
<s> [webpack.Progress] 92% sealing asset processing RealContentHashPlugin 384.72ef5dd8.iframe.bundle.js generate SourceMap
<s> [webpack.Progress] 92% sealing asset processing RealContentHashPlugin 384.72ef5dd8.iframe.bundle.js generated SourceMap
<s> [webpack.Progress] 92% sealing asset processing RealContentHashPlugin 909.9a0f7211.iframe.bundle.js generate SourceMap
<s> [webpack.Progress] 92% sealing asset processing RealContentHashPlugin 909.9a0f7211.iframe.bundle.js generated SourceMap
<s> [webpack.Progress] 92% sealing asset processing RealContentHashPlugin 583.5a423bad.iframe.bundle.js generate SourceMap
<s> [webpack.Progress] 92% sealing asset processing RealContentHashPlugin 583.5a423bad.iframe.bundle.js generated SourceMap
<s> [webpack.Progress] 92% sealing asset processing RealContentHashPlugin 256.129d9b10.iframe.bundle.js generate SourceMap
<s> [webpack.Progress] 92% sealing asset processing RealContentHashPlugin 256.129d9b10.iframe.bundle.js generated SourceMap
<s> [webpack.Progress] 92% sealing asset processing RealContentHashPlugin 333.ac44aec5.iframe.bundle.js generate SourceMap
<s> [webpack.Progress] 92% sealing asset processing RealContentHashPlugin 333.ac44aec5.iframe.bundle.js generated SourceMap
<s> [webpack.Progress] 92% sealing asset processing RealContentHashPlugin 69.810ce04c.iframe.bundle.js generate SourceMap
<s> [webpack.Progress] 92% sealing asset processing RealContentHashPlugin 69.810ce04c.iframe.bundle.js generated SourceMap
<s> [webpack.Progress] 92% sealing asset processing RealContentHashPlugin resolve sources
<s> [webpack.Progress] 92% sealing asset processing RealContentHashPlugin
<s> [webpack.Progress] 92% sealing asset processing angular-occurrences-plugin
<s> [webpack.Progress] 92% sealing asset processing AnyComponentStyleBudgetChecker
<s> [webpack.Progress] 92% sealing asset processing
<s> [webpack.Progress] 93% sealing after asset optimization
<s> [webpack.Progress] 93% sealing after asset optimization
<s> [webpack.Progress] 93% sealing recording
<s> [webpack.Progress] 93% sealing recording
<s> [webpack.Progress] 94% sealing after seal
<s> [webpack.Progress] 94% sealing after seal
<s> [webpack.Progress] 95% emitting emit
<s> [webpack.Progress] 95% emitting emit
<s> [webpack.Progress] 98% emitting after emit
<s> [webpack.Progress] 98% emitting after emit SizeLimitsPlugin
<s> [webpack.Progress] 98% emitting after emit
<s> [webpack.Progress] 99% done plugins
<s> [webpack.Progress] 99% done plugins CaseSensitivePathsPlugin
<s> [webpack.Progress] 99% done plugins
<s> [webpack.Progress] 99% 

<s> [webpack.Progress] 99% cache store build dependencies
<s> [webpack.Progress] 99% cache store build dependencies
<s> [webpack.Progress] 99% cache begin idle
<s> [webpack.Progress] 99% cache begin idle
<s> [webpack.Progress] 100% 

info => Preview built (29 s)
WARN Critical dependency: require function is used in a way in which dependencies cannot be statically extracted
WARN Critical dependency: require function is used in a way in which dependencies cannot be statically extracted
WARN F:/github/taskbox/src/app/app.component.ts is part of the TypeScript compilation but it's unused.
WARN Add only entry points to the 'files' or 'include' properties in your tsconfig.
WARN F:/github/taskbox/src/app/app.module.ts is part of the TypeScript compilation but it's unused.
WARN Add only entry points to the 'files' or 'include' properties in your tsconfig.
WARN F:/github/taskbox/src/app/components/inbox-screen/inbox-screen.component.ts is part of the TypeScript compilation but it's unused.
WARN Add only entry points to the 'files' or 'include' properties in your tsconfig.
WARN F:/github/taskbox/src/environments/environment.prod.ts is part of the TypeScript compilation but it's unused.
WARN Add only entry points to the 'files' or 'include' properties in your tsconfig.
WARN F:/github/taskbox/src/environments/environment.ts is part of the TypeScript compilation but it's unused.
WARN Add only entry points to the 'files' or 'include' properties in your tsconfig.
WARN F:/github/taskbox/src/main.ts is part of the TypeScript compilation but it's unused.
WARN Add only entry points to the 'files' or 'include' properties in your tsconfig.
WARN F:/github/taskbox/src/polyfills.ts is part of the TypeScript compilation but it's unused.
WARN Add only entry points to the 'files' or 'include' properties in your tsconfig.
WARN F:/github/taskbox/src/stories/Button.stories.ts is part of the TypeScript compilation but it's unused.
WARN Add only entry points to the 'files' or 'include' properties in your tsconfig.
WARN F:/github/taskbox/src/stories/Header.stories.ts is part of the TypeScript compilation but it's unused.
WARN Add only entry points to the 'files' or 'include' properties in your tsconfig.
WARN F:/github/taskbox/src/stories/Page.stories.ts is part of the TypeScript compilation but it's unused.
WARN Add only entry points to the 'files' or 'include' properties in your tsconfig.
WARN F:/github/taskbox/src/stories/User.ts is part of the TypeScript compilation but it's unused.
WARN Add only entry points to the 'files' or 'include' properties in your tsconfig.
WARN F:/github/taskbox/src/stories/button.component.ts is part of the TypeScript compilation but it's unused.
WARN Add only entry points to the 'files' or 'include' properties in your tsconfig.
WARN F:/github/taskbox/src/stories/header.component.ts is part of the TypeScript compilation but it's unused.
WARN Add only entry points to the 'files' or 'include' properties in your tsconfig.
WARN F:/github/taskbox/src/stories/page.component.ts is part of the TypeScript compilation but it's unused.
WARN Add only entry points to the 'files' or 'include' properties in your tsconfig.
WARN asset size limit: The following asset(s) exceed the recommended size limit (244 KiB).
WARN This can impact web performance.
WARN Assets: 
WARN   562.9e3b6a40.iframe.bundle.js (762 KiB)
WARN   69.810ce04c.iframe.bundle.js (769 KiB)
WARN   123.6f93697b.iframe.bundle.js (583 KiB)
WARN   450.e2ef40c6.iframe.bundle.js (2.03 MiB)
WARN entrypoint size limit: The following entrypoint(s) combined asset size exceeds the recommended limit (244 KiB). This can impact web performance.
WARN Entrypoints:
WARN   main (2.14 MiB)
WARN       runtime~main.b574a190.iframe.bundle.js
WARN       450.e2ef40c6.iframe.bundle.js
WARN       main.9639a3ed640e41ead484.css
WARN       main.bf957238.iframe.bundle.js
WARN 
<s> [webpack.Progress] 99% cache shutdown
<s> [webpack.Progress] 99% cache shutdown
<s> [webpack.Progress] 100% 

info => Output directory: C:\\Users\\User\\AppData\\Local\\Temp\\chromatic--13836-fpVKMsVCgnG7
